<?xml version="1.0" encoding="UTF-8"?>
<!-- Generated by org.testng.reporters.JUnitXMLReporter -->
<testsuite ignored="0" hostname="LAPTOP-INQHA09L" failures="0" tests="5" name="Test" time="15.301" errors="0" timestamp="2022-02-17T18:18:29 IST">
  <testcase classname="com.tn.tests.TC_SearchPage" name="VerifySearchingAfterLogin_TC004" time="1.988"/>
  <testcase classname="com.tn.tests.TC_SearchPage" name="VerifySearchUsingTextFromProductDesc_TC007" time="4.076"/>
  <testcase classname="com.tn.tests.TC_SearchPage" name="VerifySearchingWithExistingProduct_TC001" time="0.395"/>
  <testcase classname="com.tn.tests.TC_SearchPage" name="VerifySearchingWithNonExistingProduct_TC002" time="0.348"/>
  <testcase classname="com.tn.tests.TC_SearchPage" name="VerifySearchingWithoutProductNmae_TC003" time="0.412"/>
</testsuite> <!-- Test -->
