<?xml version="1.0" encoding="UTF-8"?>
<testng-results ignored="0" total="5" passed="5" failed="0" skipped="0">
  <reporter-output>
  </reporter-output>
  <suite started-at="2022-02-17T18:18:13 IST" name="Suite" finished-at="2022-02-17T18:18:29 IST" duration-ms="15301">
    <groups>
    </groups>
    <test started-at="2022-02-17T18:18:13 IST" name="Test" finished-at="2022-02-17T18:18:29 IST" duration-ms="15301">
      <class name="com.tn.tests.TC_SearchPage">
        <test-method is-config="true" signature="setUp([Ljava.lang.Object;)[pri:0, instance:com.tn.tests.TC_SearchPage@323b36e0]" started-at="2022-02-17T18:18:14 IST" name="setUp" finished-at="2022-02-17T18:18:19 IST" duration-ms="4836" status="PASS">
          <params>
            <param index="0">
              <value>
                <![CDATA[[Ljava.lang.Object;@3e6fd0b9]]>
              </value>
            </param>
          </params>
          <reporter-output>
          </reporter-output>
        </test-method> <!-- setUp -->
        <test-method is-config="true" signature="setUp([Ljava.lang.Object;)[pri:0, instance:com.tn.tests.TC_SearchPage@323b36e0]" started-at="2022-02-17T18:18:14 IST" name="setUp" finished-at="2022-02-17T18:18:19 IST" duration-ms="4832" status="PASS">
          <params>
            <param index="0">
              <value>
                <![CDATA[[Ljava.lang.Object;@7fcff1b9]]>
              </value>
            </param>
          </params>
          <reporter-output>
          </reporter-output>
        </test-method> <!-- setUp -->
        <test-method signature="VerifySearchUsingTextFromProductDesc_TC007(java.util.Map)[pri:0, instance:com.tn.tests.TC_SearchPage@323b36e0]" started-at="2022-02-17T18:18:19 IST" name="VerifySearchUsingTextFromProductDesc_TC007" description="Verify Search using the text from the product description" data-provider="getData" finished-at="2022-02-17T18:18:23 IST" duration-ms="4076" status="PASS">
          <params>
            <param index="0">
              <value>
                <![CDATA[{fname=, password=, browser=chrome, testname=VerifySearchUsingTextFromProductDesc_TC007, execute=yes, version=88.0.4324.99, menutext=, username=}]]>
              </value>
            </param>
          </params>
          <reporter-output>
          </reporter-output>
        </test-method> <!-- VerifySearchUsingTextFromProductDesc_TC007 -->
        <test-method signature="VerifySearchingAfterLogin_TC004(java.util.Map)[pri:0, instance:com.tn.tests.TC_SearchPage@323b36e0]" started-at="2022-02-17T18:18:19 IST" name="VerifySearchingAfterLogin_TC004" description="Verifty searching for a product after login to the Application" data-provider="getData" finished-at="2022-02-17T18:18:21 IST" duration-ms="1988" status="PASS">
          <params>
            <param index="0">
              <value>
                <![CDATA[{fname=Jayesh, password=SmF5ZXNoQDIx, browser=chrome, testname=VerifySearchingAfterLogin_TC004, execute=yes, version=88.0.4324.101, menutext=, username=jayesh.gangurde21@gmail.com}]]>
              </value>
            </param>
          </params>
          <reporter-output>
          </reporter-output>
        </test-method> <!-- VerifySearchingAfterLogin_TC004 -->
        <test-method is-config="true" signature="tearDown()[pri:0, instance:com.tn.tests.TC_SearchPage@323b36e0]" started-at="2022-02-17T18:18:21 IST" name="tearDown" finished-at="2022-02-17T18:18:22 IST" duration-ms="754" status="PASS">
          <reporter-output>
          </reporter-output>
        </test-method> <!-- tearDown -->
        <test-method is-config="true" signature="setUp([Ljava.lang.Object;)[pri:0, instance:com.tn.tests.TC_SearchPage@323b36e0]" started-at="2022-02-17T18:18:22 IST" name="setUp" finished-at="2022-02-17T18:18:24 IST" duration-ms="2353" status="PASS">
          <params>
            <param index="0">
              <value>
                <![CDATA[[Ljava.lang.Object;@697446d4]]>
              </value>
            </param>
          </params>
          <reporter-output>
          </reporter-output>
        </test-method> <!-- setUp -->
        <test-method is-config="true" signature="tearDown()[pri:0, instance:com.tn.tests.TC_SearchPage@323b36e0]" started-at="2022-02-17T18:18:23 IST" name="tearDown" finished-at="2022-02-17T18:18:24 IST" duration-ms="862" status="PASS">
          <reporter-output>
          </reporter-output>
        </test-method> <!-- tearDown -->
        <test-method is-config="true" signature="setUp([Ljava.lang.Object;)[pri:0, instance:com.tn.tests.TC_SearchPage@323b36e0]" started-at="2022-02-17T18:18:24 IST" name="setUp" finished-at="2022-02-17T18:18:26 IST" duration-ms="2541" status="PASS">
          <params>
            <param index="0">
              <value>
                <![CDATA[[Ljava.lang.Object;@76adb233]]>
              </value>
            </param>
          </params>
          <reporter-output>
          </reporter-output>
        </test-method> <!-- setUp -->
        <test-method signature="VerifySearchingWithExistingProduct_TC001(java.util.Map)[pri:0, instance:com.tn.tests.TC_SearchPage@323b36e0]" started-at="2022-02-17T18:18:24 IST" name="VerifySearchingWithExistingProduct_TC001" description="Verify the search  functionality for existing products" data-provider="getData" finished-at="2022-02-17T18:18:24 IST" duration-ms="395" status="PASS">
          <params>
            <param index="0">
              <value>
                <![CDATA[{fname=, password=, browser=chrome, testname=VerifySearchingWithExistingProduct_TC001, execute=yes, version=88.0.4324.99, menutext=, username=}]]>
              </value>
            </param>
          </params>
          <reporter-output>
          </reporter-output>
        </test-method> <!-- VerifySearchingWithExistingProduct_TC001 -->
        <test-method is-config="true" signature="tearDown()[pri:0, instance:com.tn.tests.TC_SearchPage@323b36e0]" started-at="2022-02-17T18:18:24 IST" name="tearDown" finished-at="2022-02-17T18:18:25 IST" duration-ms="735" status="PASS">
          <reporter-output>
          </reporter-output>
        </test-method> <!-- tearDown -->
        <test-method is-config="true" signature="setUp([Ljava.lang.Object;)[pri:0, instance:com.tn.tests.TC_SearchPage@323b36e0]" started-at="2022-02-17T18:18:25 IST" name="setUp" finished-at="2022-02-17T18:18:28 IST" duration-ms="2516" status="PASS">
          <params>
            <param index="0">
              <value>
                <![CDATA[[Ljava.lang.Object;@36074e47]]>
              </value>
            </param>
          </params>
          <reporter-output>
          </reporter-output>
        </test-method> <!-- setUp -->
        <test-method signature="VerifySearchingWithNonExistingProduct_TC002(java.util.Map)[pri:0, instance:com.tn.tests.TC_SearchPage@323b36e0]" started-at="2022-02-17T18:18:26 IST" name="VerifySearchingWithNonExistingProduct_TC002" description="Verify the search  functionality for Non existing products" data-provider="getData" finished-at="2022-02-17T18:18:27 IST" duration-ms="348" status="PASS">
          <params>
            <param index="0">
              <value>
                <![CDATA[{fname=, password=, browser=chrome, testname=VerifySearchingWithNonExistingProduct_TC002, execute=yes, version=88.0.4324.99, menutext=, username=}]]>
              </value>
            </param>
          </params>
          <reporter-output>
          </reporter-output>
        </test-method> <!-- VerifySearchingWithNonExistingProduct_TC002 -->
        <test-method is-config="true" signature="tearDown()[pri:0, instance:com.tn.tests.TC_SearchPage@323b36e0]" started-at="2022-02-17T18:18:27 IST" name="tearDown" finished-at="2022-02-17T18:18:27 IST" duration-ms="791" status="PASS">
          <reporter-output>
          </reporter-output>
        </test-method> <!-- tearDown -->
        <test-method signature="VerifySearchingWithoutProductNmae_TC003(java.util.Map)[pri:0, instance:com.tn.tests.TC_SearchPage@323b36e0]" started-at="2022-02-17T18:18:28 IST" name="VerifySearchingWithoutProductNmae_TC003" description="Verify searching without providing any Product Name" data-provider="getData" finished-at="2022-02-17T18:18:28 IST" duration-ms="412" status="PASS">
          <params>
            <param index="0">
              <value>
                <![CDATA[{fname=, password=, browser=chrome, testname=VerifySearchingWithoutProductNmae_TC003, execute=yes, version=88.0.4324.100, menutext=, username=}]]>
              </value>
            </param>
          </params>
          <reporter-output>
          </reporter-output>
        </test-method> <!-- VerifySearchingWithoutProductNmae_TC003 -->
        <test-method is-config="true" signature="tearDown()[pri:0, instance:com.tn.tests.TC_SearchPage@323b36e0]" started-at="2022-02-17T18:18:28 IST" name="tearDown" finished-at="2022-02-17T18:18:29 IST" duration-ms="752" status="PASS">
          <reporter-output>
          </reporter-output>
        </test-method> <!-- tearDown -->
      </class> <!-- com.tn.tests.TC_SearchPage -->
    </test> <!-- Test -->
  </suite> <!-- Suite -->
</testng-results>
